{"numTotalTestSuites":9,"numPassedTestSuites":9,"numFailedTestSuites":0,"numPendingTestSuites":0,"numTotalTests":37,"numPassedTests":0,"numFailedTests":37,"numPendingTests":0,"numTodoTests":0,"startTime":1763866029349,"success":false,"testResults":[{"assertionResults":[{"ancestorTitles":["","Agent threads"],"fullName":" Agent threads creates thread","status":"failed","title":"creates thread","duration":3,"failureMessages":["Could not find the \"_generated\" directory, make sure to run `npx convex dev` or `npx convex codegen`. Make sure your `import.meta.glob` includes the files in the \"_generated\" directory"],"location":{"line":1072,"column":11}},{"ancestorTitles":["","Agent threads"],"fullName":" Agent threads creates thread with anchor section","status":"failed","title":"creates thread with anchor section","duration":0,"failureMessages":["Could not find the \"_generated\" directory, make sure to run `npx convex dev` or `npx convex codegen`. Make sure your `import.meta.glob` includes the files in the \"_generated\" directory"],"location":{"line":1072,"column":11}},{"ancestorTitles":["","Agent threads"],"fullName":" Agent threads forks thread with parent metadata","status":"failed","title":"forks thread with parent metadata","duration":0,"failureMessages":["Could not find the \"_generated\" directory, make sure to run `npx convex dev` or `npx convex codegen`. Make sure your `import.meta.glob` includes the files in the \"_generated\" directory"],"location":{"line":1072,"column":11}},{"ancestorTitles":["","Agent threads"],"fullName":" Agent threads forks thread with default title","status":"failed","title":"forks thread with default title","duration":1,"failureMessages":["Could not find the \"_generated\" directory, make sure to run `npx convex dev` or `npx convex codegen`. Make sure your `import.meta.glob` includes the files in the \"_generated\" directory"],"location":{"line":1072,"column":11}},{"ancestorTitles":["","Agent threads"],"fullName":" Agent threads appends message to thread","status":"failed","title":"appends message to thread","duration":0,"failureMessages":["Could not find the \"_generated\" directory, make sure to run `npx convex dev` or `npx convex codegen`. Make sure your `import.meta.glob` includes the files in the \"_generated\" directory"],"location":{"line":1072,"column":11}},{"ancestorTitles":["","Agent threads"],"fullName":" Agent threads appends agent message","status":"failed","title":"appends agent message","duration":0,"failureMessages":["Could not find the \"_generated\" directory, make sure to run `npx convex dev` or `npx convex codegen`. Make sure your `import.meta.glob` includes the files in the \"_generated\" directory"],"location":{"line":1072,"column":11}},{"ancestorTitles":["","Agent threads"],"fullName":" Agent threads applies agent edits to blocks","status":"failed","title":"applies agent edits to blocks","duration":0,"failureMessages":["Could not find the \"_generated\" directory, make sure to run `npx convex dev` or `npx convex codegen`. Make sure your `import.meta.glob` includes the files in the \"_generated\" directory"],"location":{"line":1072,"column":11}},{"ancestorTitles":["","Agent threads"],"fullName":" Agent threads applies multiple agent edits","status":"failed","title":"applies multiple agent edits","duration":0,"failureMessages":["Could not find the \"_generated\" directory, make sure to run `npx convex dev` or `npx convex codegen`. Make sure your `import.meta.glob` includes the files in the \"_generated\" directory"],"location":{"line":1072,"column":11}},{"ancestorTitles":["","Agent threads"],"fullName":" Agent threads creates version snapshot after applying edits","status":"failed","title":"creates version snapshot after applying edits","duration":0,"failureMessages":["Could not find the \"_generated\" directory, make sure to run `npx convex dev` or `npx convex codegen`. Make sure your `import.meta.glob` includes the files in the \"_generated\" directory"],"location":{"line":1072,"column":11}},{"ancestorTitles":["","Agent threads"],"fullName":" Agent threads throws error when applying edits without toolCalls","status":"failed","title":"throws error when applying edits without toolCalls","duration":0,"failureMessages":["Could not find the \"_generated\" directory, make sure to run `npx convex dev` or `npx convex codegen`. Make sure your `import.meta.glob` includes the files in the \"_generated\" directory"],"location":{"line":1072,"column":11}}],"startTime":1763866029603,"endTime":1763866029607,"status":"failed","message":"","name":"/Users/gre538/code/report-writer/convex/tests/agent.test.ts"},{"assertionResults":[{"ancestorTitles":["","Block editing"],"fullName":" Block editing creates block with proper order","status":"failed","title":"creates block with proper order","duration":2,"failureMessages":["Could not find the \"_generated\" directory, make sure to run `npx convex dev` or `npx convex codegen`. Make sure your `import.meta.glob` includes the files in the \"_generated\" directory"],"location":{"line":1072,"column":11}},{"ancestorTitles":["","Block editing"],"fullName":" Block editing creates multiple blocks with sequential order","status":"failed","title":"creates multiple blocks with sequential order","duration":1,"failureMessages":["Could not find the \"_generated\" directory, make sure to run `npx convex dev` or `npx convex codegen`. Make sure your `import.meta.glob` includes the files in the \"_generated\" directory"],"location":{"line":1072,"column":11}},{"ancestorTitles":["","Block editing"],"fullName":" Block editing updates block text","status":"failed","title":"updates block text","duration":0,"failureMessages":["Could not find the \"_generated\" directory, make sure to run `npx convex dev` or `npx convex codegen`. Make sure your `import.meta.glob` includes the files in the \"_generated\" directory"],"location":{"line":1072,"column":11}},{"ancestorTitles":["","Block editing"],"fullName":" Block editing reorders blocks","status":"failed","title":"reorders blocks","duration":0,"failureMessages":["Could not find the \"_generated\" directory, make sure to run `npx convex dev` or `npx convex codegen`. Make sure your `import.meta.glob` includes the files in the \"_generated\" directory"],"location":{"line":1072,"column":11}},{"ancestorTitles":["","Block editing"],"fullName":" Block editing deletes block","status":"failed","title":"deletes block","duration":0,"failureMessages":["Could not find the \"_generated\" directory, make sure to run `npx convex dev` or `npx convex codegen`. Make sure your `import.meta.glob` includes the files in the \"_generated\" directory"],"location":{"line":1072,"column":11}},{"ancestorTitles":["","Section management"],"fullName":" Section management creates section","status":"failed","title":"creates section","duration":0,"failureMessages":["Could not find the \"_generated\" directory, make sure to run `npx convex dev` or `npx convex codegen`. Make sure your `import.meta.glob` includes the files in the \"_generated\" directory"],"location":{"line":1072,"column":11}},{"ancestorTitles":["","Section management"],"fullName":" Section management updates section","status":"failed","title":"updates section","duration":1,"failureMessages":["Could not find the \"_generated\" directory, make sure to run `npx convex dev` or `npx convex codegen`. Make sure your `import.meta.glob` includes the files in the \"_generated\" directory"],"location":{"line":1072,"column":11}},{"ancestorTitles":["","Section management"],"fullName":" Section management deletes section","status":"failed","title":"deletes section","duration":0,"failureMessages":["Could not find the \"_generated\" directory, make sure to run `npx convex dev` or `npx convex codegen`. Make sure your `import.meta.glob` includes the files in the \"_generated\" directory"],"location":{"line":1072,"column":11}},{"ancestorTitles":["","Section management"],"fullName":" Section management reorders sections","status":"failed","title":"reorders sections","duration":0,"failureMessages":["Could not find the \"_generated\" directory, make sure to run `npx convex dev` or `npx convex codegen`. Make sure your `import.meta.glob` includes the files in the \"_generated\" directory"],"location":{"line":1072,"column":11}}],"startTime":1763866029601,"endTime":1763866029605,"status":"failed","message":"","name":"/Users/gre538/code/report-writer/convex/tests/editing.test.ts"},{"assertionResults":[{"ancestorTitles":["","Lock acquisition"],"fullName":" Lock acquisition acquires lock when none exists","status":"failed","title":"acquires lock when none exists","duration":3,"failureMessages":["Could not find the \"_generated\" directory, make sure to run `npx convex dev` or `npx convex codegen`. Make sure your `import.meta.glob` includes the files in the \"_generated\" directory"],"location":{"line":1072,"column":11}},{"ancestorTitles":["","Lock acquisition"],"fullName":" Lock acquisition acquires lock for different resource types","status":"failed","title":"acquires lock for different resource types","duration":0,"failureMessages":["Could not find the \"_generated\" directory, make sure to run `npx convex dev` or `npx convex codegen`. Make sure your `import.meta.glob` includes the files in the \"_generated\" directory"],"location":{"line":1072,"column":11}},{"ancestorTitles":["","Lock acquisition"],"fullName":" Lock acquisition refreshes lock when acquiring existing lock as same user","status":"failed","title":"refreshes lock when acquiring existing lock as same user","duration":0,"failureMessages":["Could not find the \"_generated\" directory, make sure to run `npx convex dev` or `npx convex codegen`. Make sure your `import.meta.glob` includes the files in the \"_generated\" directory"],"location":{"line":1072,"column":11}},{"ancestorTitles":["","Lock acquisition"],"fullName":" Lock acquisition releases lock","status":"failed","title":"releases lock","duration":0,"failureMessages":["Could not find the \"_generated\" directory, make sure to run `npx convex dev` or `npx convex codegen`. Make sure your `import.meta.glob` includes the files in the \"_generated\" directory"],"location":{"line":1072,"column":11}},{"ancestorTitles":["","Lock acquisition"],"fullName":" Lock acquisition refreshes lock timestamp","status":"failed","title":"refreshes lock timestamp","duration":0,"failureMessages":["Could not find the \"_generated\" directory, make sure to run `npx convex dev` or `npx convex codegen`. Make sure your `import.meta.glob` includes the files in the \"_generated\" directory"],"location":{"line":1072,"column":11}},{"ancestorTitles":["","Lock acquisition"],"fullName":" Lock acquisition allows acquiring expired lock","status":"failed","title":"allows acquiring expired lock","duration":0,"failureMessages":["Could not find the \"_generated\" directory, make sure to run `npx convex dev` or `npx convex codegen`. Make sure your `import.meta.glob` includes the files in the \"_generated\" directory"],"location":{"line":1072,"column":11}},{"ancestorTitles":["","Lock acquisition"],"fullName":" Lock acquisition gets locks for project","status":"failed","title":"gets locks for project","duration":0,"failureMessages":["Could not find the \"_generated\" directory, make sure to run `npx convex dev` or `npx convex codegen`. Make sure your `import.meta.glob` includes the files in the \"_generated\" directory"],"location":{"line":1072,"column":11}},{"ancestorTitles":["","Lock acquisition"],"fullName":" Lock acquisition gets lock for specific resource","status":"failed","title":"gets lock for specific resource","duration":0,"failureMessages":["Could not find the \"_generated\" directory, make sure to run `npx convex dev` or `npx convex codegen`. Make sure your `import.meta.glob` includes the files in the \"_generated\" directory"],"location":{"line":1072,"column":11}},{"ancestorTitles":["","Lock acquisition"],"fullName":" Lock acquisition returns null for unlocked resource","status":"failed","title":"returns null for unlocked resource","duration":0,"failureMessages":["Could not find the \"_generated\" directory, make sure to run `npx convex dev` or `npx convex codegen`. Make sure your `import.meta.glob` includes the files in the \"_generated\" directory"],"location":{"line":1072,"column":11}},{"ancestorTitles":["","Lock acquisition"],"fullName":" Lock acquisition filters out expired locks from project query","status":"failed","title":"filters out expired locks from project query","duration":1,"failureMessages":["Could not find the \"_generated\" directory, make sure to run `npx convex dev` or `npx convex codegen`. Make sure your `import.meta.glob` includes the files in the \"_generated\" directory"],"location":{"line":1072,"column":11}}],"startTime":1763866029597,"endTime":1763866029602,"status":"failed","message":"","name":"/Users/gre538/code/report-writer/convex/tests/locking.test.ts"},{"assertionResults":[{"ancestorTitles":["","Version snapshots"],"fullName":" Version snapshots creates snapshot with all sections and blocks","status":"failed","title":"creates snapshot with all sections and blocks","duration":2,"failureMessages":["Could not find the \"_generated\" directory, make sure to run `npx convex dev` or `npx convex codegen`. Make sure your `import.meta.glob` includes the files in the \"_generated\" directory"],"location":{"line":1072,"column":11}},{"ancestorTitles":["","Version snapshots"],"fullName":" Version snapshots creates snapshot with multiple sections and blocks","status":"failed","title":"creates snapshot with multiple sections and blocks","duration":1,"failureMessages":["Could not find the \"_generated\" directory, make sure to run `npx convex dev` or `npx convex codegen`. Make sure your `import.meta.glob` includes the files in the \"_generated\" directory"],"location":{"line":1072,"column":11}},{"ancestorTitles":["","Version snapshots"],"fullName":" Version snapshots restores version correctly (round-trip)","status":"failed","title":"restores version correctly (round-trip)","duration":0,"failureMessages":["Could not find the \"_generated\" directory, make sure to run `npx convex dev` or `npx convex codegen`. Make sure your `import.meta.glob` includes the files in the \"_generated\" directory"],"location":{"line":1072,"column":11}},{"ancestorTitles":["","Version snapshots"],"fullName":" Version snapshots restores preserves section structure","status":"failed","title":"restores preserves section structure","duration":0,"failureMessages":["Could not find the \"_generated\" directory, make sure to run `npx convex dev` or `npx convex codegen`. Make sure your `import.meta.glob` includes the files in the \"_generated\" directory"],"location":{"line":1072,"column":11}},{"ancestorTitles":["","Version snapshots"],"fullName":" Version snapshots compares two versions","status":"failed","title":"compares two versions","duration":0,"failureMessages":["Could not find the \"_generated\" directory, make sure to run `npx convex dev` or `npx convex codegen`. Make sure your `import.meta.glob` includes the files in the \"_generated\" directory"],"location":{"line":1072,"column":11}},{"ancestorTitles":["","Version snapshots"],"fullName":" Version snapshots detects added blocks in comparison","status":"failed","title":"detects added blocks in comparison","duration":0,"failureMessages":["Could not find the \"_generated\" directory, make sure to run `npx convex dev` or `npx convex codegen`. Make sure your `import.meta.glob` includes the files in the \"_generated\" directory"],"location":{"line":1072,"column":11}},{"ancestorTitles":["","Version snapshots"],"fullName":" Version snapshots detects removed blocks in comparison","status":"failed","title":"detects removed blocks in comparison","duration":1,"failureMessages":["Could not find the \"_generated\" directory, make sure to run `npx convex dev` or `npx convex codegen`. Make sure your `import.meta.glob` includes the files in the \"_generated\" directory"],"location":{"line":1072,"column":11}},{"ancestorTitles":["","Version snapshots"],"fullName":" Version snapshots handles empty snapshots","status":"failed","title":"handles empty snapshots","duration":0,"failureMessages":["Could not find the \"_generated\" directory, make sure to run `npx convex dev` or `npx convex codegen`. Make sure your `import.meta.glob` includes the files in the \"_generated\" directory"],"location":{"line":1072,"column":11}}],"startTime":1763866029601,"endTime":1763866029605,"status":"failed","message":"","name":"/Users/gre538/code/report-writer/convex/tests/versions.test.ts"}]}